Arguments: 
  /Users/zakariawardere/.nvm/versions/node/v16.17.0/bin/node /Users/zakariawardere/.nvm/versions/node/v16.17.0/bin/yarn uri

PATH: 
  /Users/zakariawardere/.nvm/versions/node/v16.17.0/bin:/Users/zakariawardere/development/flutter/bin:/opt/homebrew/bin:/opt/homebrew/sbin:/Library/Frameworks/Python.framework/Versions/3.10/bin:/usr/local/bin:/usr/bin:/bin:/usr/sbin:/sbin:/Library/Apple/usr/bin:/Users/zakariawardere/.nvm/versions/node/v16.17.0/bin:/Users/zakariawardere/development/flutter/bin:/opt/homebrew/bin:/opt/homebrew/sbin:/Library/Frameworks/Python.framework/Versions/3.10/bin

Yarn version: 
  1.22.19

Node version: 
  16.17.0

Platform: 
  darwin arm64

Trace: 
  SyntaxError: /Users/zakariawardere/Desktop/quranink-server/package.json: Unexpected token } in JSON at position 447
      at JSON.parse (<anonymous>)
      at /Users/zakariawardere/.nvm/versions/node/v16.17.0/lib/node_modules/yarn/lib/cli.js:1629:59
      at Generator.next (<anonymous>)
      at step (/Users/zakariawardere/.nvm/versions/node/v16.17.0/lib/node_modules/yarn/lib/cli.js:310:30)
      at /Users/zakariawardere/.nvm/versions/node/v16.17.0/lib/node_modules/yarn/lib/cli.js:321:13

npm manifest: 
  {
    "name": "quranink-server",
    "version": "1.0.0",
    "description": "",
    "main": "index.js",
    "scripts": {
      "dev": "nodemon src/index.ts",
      "codegen": "graphql-codegen --config codegen.ts",
      "test": "ts-node src/qdatabase.ts",
      "screenshot": "ts-node src/screenshot.ts",
      "ffmpeg": "ts-node src/ffmpegfiles.ts",
      "exp": "ts-node src/exp.ts",
      "upload": "ts-node src/uploadtoyoutube.ts",
      "uri": "ts-node src/uri.ts",
    },
    "keywords": [],
    "author": "",
    "license": "ISC",
    "devDependencies": {
      "@graphql-codegen/typescript": "2.8.1",
      "@graphql-codegen/typescript-resolvers": "^2.7.6",
      "@types/node": "^18.11.9",
      "@types/node-fetch": "^2.6.2",
      "nodemon": "^2.0.20",
      "prisma": "^4.5.0",
      "typescript": "^4.8.4"
    },
    "dependencies": {
      "@apollo/server": "^4.1.1",
      "@prisma/client": "^4.5.0",
      "apollo-server": "^3.11.1",
      "google-auth-library": "^8.7.0",
      "googleapis": "^109.0.1",
      "graphql": "^16.6.0",
      "node-fetch": "^2.6.7",
      "puppeteer": "^19.3.0",
      "ts-node": "^10.9.1"
    }
  }

yarn manifest: 
  No manifest

Lockfile: 
  No lockfile
